<?xml version="1.0" encoding="UTF-8"?>
<testng-results skipped="0" failed="0" ignored="0" total="1" passed="1">
  <reporter-output>
  </reporter-output>
  <suite name="Default suite" duration-ms="5641" started-at="2019-02-24T10:30:04Z" finished-at="2019-02-24T10:30:09Z">
    <groups>
    </groups>
    <test name="Default test" duration-ms="5641" started-at="2019-02-24T10:30:04Z" finished-at="2019-02-24T10:30:09Z">
      <class name="How_to_make_a_PUT_Request_using_Rest_Assured">
        <test-method status="PASS" signature="Post()[pri:0, instance:How_to_make_a_PUT_Request_using_Rest_Assured@68be2bc2]" name="Post" duration-ms="5612" started-at="2019-02-24T10:30:04Z" finished-at="2019-02-24T10:30:09Z">
          <reporter-output>
          </reporter-output>
        </test-method> <!-- Post -->
      </class> <!-- How_to_make_a_PUT_Request_using_Rest_Assured -->
    </test> <!-- Default test -->
  </suite> <!-- Default suite -->
</testng-results>
